\BOOKMARK [0][]{chapter.1}{\376\377\000I\000n\000t\000r\000o\000d\000u\000\347\000\343\000o}{}% 1
\BOOKMARK [1][]{subsection.1.0.1}{\376\377\000M\000o\000t\000i\000v\000a\000\347\000\343\000o\000\040\000e\000\040\000O\000b\000j\000e\000t\000i\000v\000o\000s}{chapter.1}% 2
\BOOKMARK [0][]{chapter.2}{\376\377\000F\000u\000n\000d\000a\000m\000e\000n\000t\000a\000l\000\040\000t\000e\000\363\000r\000i\000c\000o}{}% 3
\BOOKMARK [1][]{section.2.1}{\376\377\000E\000s\000t\000u\000d\000o\000\040\000d\000e\000\040\000c\000o\000o\000r\000t\000e}{chapter.2}% 4
\BOOKMARK [1][]{section.2.2}{\376\377\000E\000s\000t\000r\000a\000t\000\351\000g\000i\000a\000s\000\040\000e\000m\000p\000\355\000r\000i\000c\000a\000s\000:\000\040\000V\000a\000r\000i\000a\000\347\000\365\000e\000s\000\040\000i\000d\000i\000o\000s\000s\000i\000n\000c\000r\000\341\000t\000i\000c\000a\000s\000\040\000n\000a\000\040\000c\000o\000m\000p\000o\000s\000i\000\347\000\343\000o\000\040\000d\000e\000\040\000g\000\352\000n\000e\000r\000o}{chapter.2}% 5
\BOOKMARK [2][]{subsection.2.2.1}{\376\377\000E\000f\000e\000i\000t\000o\000s\000\040\000d\000e\000\040\000g\000\352\000n\000e\000r\000o\000\040\000e\000m\000\040\000e\000s\000c\000o\000l\000h\000a\000s\000\040\000d\000e\000\040\000g\000r\000a\000d\000u\000a\000\347\000\343\000o}{section.2.2}% 6
\BOOKMARK [0][]{chapter.3}{\376\377\000T\000r\000a\000b\000a\000l\000h\000o\000s\000\040\000r\000e\000l\000a\000c\000i\000o\000n\000a\000d\000o\000s}{}% 7
\BOOKMARK [0][]{chapter.4}{\376\377\000M\000e\000t\000o\000d\000o\000l\000o\000g\000i\000a}{}% 8
\BOOKMARK [1][]{section.4.1}{\376\377\000B\000a\000s\000e\000s\000\040\000d\000e\000\040\000d\000a\000d\000o\000s}{chapter.4}% 9
\BOOKMARK [2][]{subsection.4.1.1}{\376\377\000E\000N\000E\000M}{section.4.1}% 10
\BOOKMARK [2][]{subsection.4.1.2}{\376\377\000S\000I\000S\000U}{section.4.1}% 11
\BOOKMARK [2][]{subsection.4.1.3}{\376\377\000C\000e\000n\000s\000o\000\040\000E\000s\000c\000o\000l\000a\000r}{section.4.1}% 12
\BOOKMARK [1][]{section.4.2}{\376\377\000P\000r\000\351\000-\000p\000r\000o\000c\000e\000s\000s\000a\000m\000e\000n\000t\000o}{chapter.4}% 13
\BOOKMARK [1][]{section.4.3}{\376\377\000A\000n\000\341\000l\000i\000s\000e\000\040\000e\000x\000p\000l\000o\000r\000a\000t\000\363\000r\000i\000a\000\040\000d\000e\000\040\000d\000a\000d\000o\000s}{chapter.4}% 14
\BOOKMARK [0][]{chapter.5}{\376\377\000R\000e\000s\000u\000l\000t\000a\000d\000o\000s\000\040\000p\000r\000e\000l\000i\000m\000i\000n\000a\000r\000e\000s}{}% 15
\BOOKMARK [1][]{section.5.1}{\376\377\000A\000n\000\341\000l\000i\000s\000e\000\040\000d\000e\000s\000c\000r\000i\000t\000i\000v\000a}{chapter.5}% 16
\BOOKMARK [2][]{subsection.5.1.1}{\376\377\000P\000e\000r\000f\000i\000l\000\040\000s\000o\000c\000i\000o\000e\000c\000o\000n\000\364\000m\000i\000c\000o}{section.5.1}% 17
\BOOKMARK [0][]{chapter.6}{\376\377\000P\000l\000a\000n\000o\000\040\000d\000e\000\040\000t\000r\000a\000b\000a\000l\000h\000o}{}% 18
\BOOKMARK [0][]{annex*.29}{\376\377\000R\000e\000f\000e\000r\000\352\000n\000c\000i\000a\000s}{}% 19
\BOOKMARK [0][]{section*.30}{\376\377\000\315\000n\000d\000i\000c\000e\000\040\000R\000e\000m\000i\000s\000s\000i\000v\000o}{}% 20
